<?xml version="1.0" encoding="utf-8"?>
<log version="1.0" tool="runtool">

<msg id="1" tool="runtool">
  <type>log-start</type>
  <arg>2012/03/30 16:39:35</arg>
</msg>
<msg id="2" tool="runtool">
  <type>tc-starts</type>
</msg>
<msg id="3" tool="runtool">
  <type>marker-file</type>
  <arg>/home/irtefa1/cs225/lab06/aba/r007ti2/r007ti2.inspxe</arg>
</msg>
<msg id="4" tool="tc">
  <type>2207</type>
  <timestamp>Fri Mar 30 16:39:35 2012</timestamp>
  <severity>2</severity>
  <description>START</description>
</msg>
<msg id="5" tool="tc">
  <type>2001</type>
  <arg>/home/irtefa1/cs225/lab06/lab06</arg>
  <timestamp>Fri Mar 30 16:39:35 2012</timestamp>
  <severity>2</severity>
  <description>LOAD_MODULE</description>
</msg>
<msg id="6" tool="tc">
  <type>2001</type>
  <arg>/lib64/ld-linux-x86-64.so.2</arg>
  <timestamp>Fri Mar 30 16:39:35 2012</timestamp>
  <severity>2</severity>
  <description>LOAD_MODULE</description>
</msg>
<msg id="7" tool="tc">
  <type>2001</type>
  <arg>/usr/lib64/libpng12.so.0</arg>
  <timestamp>Fri Mar 30 16:39:35 2012</timestamp>
  <severity>2</severity>
  <description>LOAD_MODULE</description>
</msg>
<msg id="8" tool="tc">
  <type>2001</type>
  <arg>/lib64/libm.so.6</arg>
  <timestamp>Fri Mar 30 16:39:35 2012</timestamp>
  <severity>2</severity>
  <description>LOAD_MODULE</description>
</msg>
<msg id="9" tool="tc">
  <type>2001</type>
  <arg>/software/intel-composer-2011u5-x86_64/composerxe-2011.5.220/compiler/lib/intel64/libiomp5.so</arg>
  <timestamp>Fri Mar 30 16:39:35 2012</timestamp>
  <severity>2</severity>
  <description>LOAD_MODULE</description>
</msg>
<msg id="10" tool="tc">
  <type>2001</type>
  <arg>/usr/lib64/libstdc++.so.6</arg>
  <timestamp>Fri Mar 30 16:39:35 2012</timestamp>
  <severity>2</severity>
  <description>LOAD_MODULE</description>
</msg>
<msg id="11" tool="tc">
  <type>2001</type>
  <arg>/lib64/libgcc_s.so.1</arg>
  <timestamp>Fri Mar 30 16:39:35 2012</timestamp>
  <severity>2</severity>
  <description>LOAD_MODULE</description>
</msg>
<msg id="12" tool="tc">
  <type>2001</type>
  <arg>/lib64/libpthread.so.0</arg>
  <timestamp>Fri Mar 30 16:39:35 2012</timestamp>
  <severity>2</severity>
  <description>LOAD_MODULE</description>
</msg>
<msg id="13" tool="tc">
  <type>2001</type>
  <arg>/lib64/libc.so.6</arg>
  <timestamp>Fri Mar 30 16:39:35 2012</timestamp>
  <severity>2</severity>
  <description>LOAD_MODULE</description>
</msg>
<msg id="14" tool="tc">
  <type>2001</type>
  <arg>/lib64/libdl.so.2</arg>
  <timestamp>Fri Mar 30 16:39:35 2012</timestamp>
  <severity>2</severity>
  <description>LOAD_MODULE</description>
</msg>
<msg id="15" tool="tc">
  <type>2001</type>
  <arg>/lib64/libz.so.1</arg>
  <timestamp>Fri Mar 30 16:39:35 2012</timestamp>
  <severity>2</severity>
  <description>LOAD_MODULE</description>
</msg>
<msg id="16" tool="tc">
  <type>2001</type>
  <arg>/software/intel-inspector-2011u5-x86_64/inspector_xe_2011/bin64/../lib64/runtime/libittnotify.so</arg>
  <timestamp>Fri Mar 30 16:39:36 2012</timestamp>
  <severity>2</severity>
  <description>LOAD_MODULE</description>
</msg>
<msg id="17" tool="tc">
  <type>2211</type>
  <timestamp>Fri Mar 30 16:39:38 2012</timestamp>
  <severity>1</severity>
  <description>CTSA_NO_STACK</description>
</msg>
<msg id="18" tool="runtool">
  <type>app-exit-code</type>
  <arg>137</arg>
</msg>
<msg id="19" tool="runtool">
  <type>marker-file</type>
  <arg>/home/irtefa1/cs225/lab06/aba/r007ti2/r007ti2.inspxe</arg>
</msg>
<msg id="20" tool="runtool">
  <type>tc-canceled</type>
</msg>
<msg id="21" tool="runtool">
  <type>log-end</type>
  <arg>2012/03/30 16:46:33</arg>
</msg>

</log>

