<?xml version="1.0" encoding="utf-8"?>
<log version="1.0" tool="runtool">

<msg id="1" tool="runtool">
  <type>log-start</type>
  <arg>2012/03/30 16:02:14</arg>
</msg>
<msg id="2" tool="runtool">
  <type>tc-starts</type>
</msg>
<msg id="3" tool="runtool">
  <type>marker-file</type>
  <arg>/home/irtefa1/cs225/lab06/aba/r000ti2/r000ti2.inspxe</arg>
</msg>
<msg id="4" tool="tc">
  <type>2207</type>
  <timestamp>Fri Mar 30 16:02:14 2012</timestamp>
  <severity>2</severity>
  <description>START</description>
</msg>
<msg id="5" tool="tc">
  <type>2001</type>
  <arg>/home/irtefa1/cs225/lab06/lab06</arg>
  <timestamp>Fri Mar 30 16:02:14 2012</timestamp>
  <severity>2</severity>
  <description>LOAD_MODULE</description>
</msg>
<msg id="6" tool="tc">
  <type>2001</type>
  <arg>/lib64/ld-linux-x86-64.so.2</arg>
  <timestamp>Fri Mar 30 16:02:14 2012</timestamp>
  <severity>2</severity>
  <description>LOAD_MODULE</description>
</msg>
<msg id="7" tool="tc">
  <type>2001</type>
  <arg>/usr/lib64/libpng12.so.0</arg>
  <timestamp>Fri Mar 30 16:02:15 2012</timestamp>
  <severity>2</severity>
  <description>LOAD_MODULE</description>
</msg>
<msg id="8" tool="tc">
  <type>2001</type>
  <arg>/lib64/libm.so.6</arg>
  <timestamp>Fri Mar 30 16:02:15 2012</timestamp>
  <severity>2</severity>
  <description>LOAD_MODULE</description>
</msg>
<msg id="9" tool="tc">
  <type>2001</type>
  <arg>/software/intel-composer-2011u5-x86_64/composerxe-2011.5.220/compiler/lib/intel64/libiomp5.so</arg>
  <timestamp>Fri Mar 30 16:02:15 2012</timestamp>
  <severity>2</severity>
  <description>LOAD_MODULE</description>
</msg>
<msg id="10" tool="tc">
  <type>2001</type>
  <arg>/usr/lib64/libstdc++.so.6</arg>
  <timestamp>Fri Mar 30 16:02:15 2012</timestamp>
  <severity>2</severity>
  <description>LOAD_MODULE</description>
</msg>
<msg id="11" tool="tc">
  <type>2001</type>
  <arg>/lib64/libgcc_s.so.1</arg>
  <timestamp>Fri Mar 30 16:02:15 2012</timestamp>
  <severity>2</severity>
  <description>LOAD_MODULE</description>
</msg>
<msg id="12" tool="tc">
  <type>2001</type>
  <arg>/lib64/libpthread.so.0</arg>
  <timestamp>Fri Mar 30 16:02:15 2012</timestamp>
  <severity>2</severity>
  <description>LOAD_MODULE</description>
</msg>
<msg id="13" tool="tc">
  <type>2001</type>
  <arg>/lib64/libc.so.6</arg>
  <timestamp>Fri Mar 30 16:02:15 2012</timestamp>
  <severity>2</severity>
  <description>LOAD_MODULE</description>
</msg>
<msg id="14" tool="tc">
  <type>2001</type>
  <arg>/lib64/libdl.so.2</arg>
  <timestamp>Fri Mar 30 16:02:15 2012</timestamp>
  <severity>2</severity>
  <description>LOAD_MODULE</description>
</msg>
<msg id="15" tool="tc">
  <type>2001</type>
  <arg>/lib64/libz.so.1</arg>
  <timestamp>Fri Mar 30 16:02:15 2012</timestamp>
  <severity>2</severity>
  <description>LOAD_MODULE</description>
</msg>
<msg id="16" tool="tc">
  <type>2001</type>
  <arg>/software/intel-inspector-2011u5-x86_64/inspector_xe_2011/bin64/../lib64/runtime/libittnotify.so</arg>
  <timestamp>Fri Mar 30 16:02:16 2012</timestamp>
  <severity>2</severity>
  <description>LOAD_MODULE</description>
</msg>
<msg id="17" tool="tc">
  <type>2211</type>
  <timestamp>Fri Mar 30 16:02:20 2012</timestamp>
  <severity>1</severity>
  <description>CTSA_NO_STACK</description>
</msg>
<msg id="18" tool="tc">
  <type>2002</type>
  <arg>/home/irtefa1/cs225/lab06/lab06</arg>
  <timestamp>Fri Mar 30 16:02:24 2012</timestamp>
  <severity>2</severity>
  <description>UNLOAD_MODULE</description>
</msg>
<msg id="19" tool="tc">
  <type>2002</type>
  <arg>/lib64/ld-linux-x86-64.so.2</arg>
  <timestamp>Fri Mar 30 16:02:24 2012</timestamp>
  <severity>2</severity>
  <description>UNLOAD_MODULE</description>
</msg>
<msg id="20" tool="tc">
  <type>2002</type>
  <arg>/usr/lib64/libpng12.so.0</arg>
  <timestamp>Fri Mar 30 16:02:24 2012</timestamp>
  <severity>2</severity>
  <description>UNLOAD_MODULE</description>
</msg>
<msg id="21" tool="tc">
  <type>2002</type>
  <arg>/lib64/libm.so.6</arg>
  <timestamp>Fri Mar 30 16:02:24 2012</timestamp>
  <severity>2</severity>
  <description>UNLOAD_MODULE</description>
</msg>
<msg id="22" tool="tc">
  <type>2002</type>
  <arg>/software/intel-composer-2011u5-x86_64/composerxe-2011.5.220/compiler/lib/intel64/libiomp5.so</arg>
  <timestamp>Fri Mar 30 16:02:24 2012</timestamp>
  <severity>2</severity>
  <description>UNLOAD_MODULE</description>
</msg>
<msg id="23" tool="tc">
  <type>2002</type>
  <arg>/usr/lib64/libstdc++.so.6</arg>
  <timestamp>Fri Mar 30 16:02:24 2012</timestamp>
  <severity>2</severity>
  <description>UNLOAD_MODULE</description>
</msg>
<msg id="24" tool="tc">
  <type>2002</type>
  <arg>/lib64/libgcc_s.so.1</arg>
  <timestamp>Fri Mar 30 16:02:24 2012</timestamp>
  <severity>2</severity>
  <description>UNLOAD_MODULE</description>
</msg>
<msg id="25" tool="tc">
  <type>2002</type>
  <arg>/lib64/libpthread.so.0</arg>
  <timestamp>Fri Mar 30 16:02:24 2012</timestamp>
  <severity>2</severity>
  <description>UNLOAD_MODULE</description>
</msg>
<msg id="26" tool="tc">
  <type>2002</type>
  <arg>/lib64/libc.so.6</arg>
  <timestamp>Fri Mar 30 16:02:24 2012</timestamp>
  <severity>2</severity>
  <description>UNLOAD_MODULE</description>
</msg>
<msg id="27" tool="tc">
  <type>2002</type>
  <arg>/lib64/libdl.so.2</arg>
  <timestamp>Fri Mar 30 16:02:24 2012</timestamp>
  <severity>2</severity>
  <description>UNLOAD_MODULE</description>
</msg>
<msg id="28" tool="tc">
  <type>2002</type>
  <arg>/lib64/libz.so.1</arg>
  <timestamp>Fri Mar 30 16:02:24 2012</timestamp>
  <severity>2</severity>
  <description>UNLOAD_MODULE</description>
</msg>
<msg id="29" tool="tc">
  <type>2002</type>
  <arg>/software/intel-inspector-2011u5-x86_64/inspector_xe_2011/bin64/../lib64/runtime/libittnotify.so</arg>
  <timestamp>Fri Mar 30 16:02:24 2012</timestamp>
  <severity>2</severity>
  <description>UNLOAD_MODULE</description>
</msg>
<msg id="30" tool="tc">
  <type>2017</type>
  <arg>/home/irtefa1/cs225/lab06/lab06</arg>
  <arg>28857</arg>
  <timestamp>Fri Mar 30 16:02:24 2012</timestamp>
  <severity>2</severity>
  <description>PROCESS_TERMINATE</description>
</msg>
<msg id="31" tool="tc">
  <type>2208</type>
  <timestamp>Fri Mar 30 16:02:24 2012</timestamp>
  <severity>2</severity>
  <description>STOP</description>
</msg>
<msg id="32" tool="runtool">
  <type>app-exit-code</type>
  <arg>0</arg>
</msg>
<msg id="33" tool="runtool">
  <type>marker-file</type>
  <arg>/home/irtefa1/cs225/lab06/aba/r000ti2/r000ti2.inspxe</arg>
</msg>
<msg id="34" tool="runtool">
  <type>tc-done</type>
</msg>
<msg id="35" tool="runtool">
  <type>log-end</type>
  <arg>2012/03/30 16:02:26</arg>
</msg>

</log>

