<?xml version="1.0" encoding="UTF-8"?>
<feedback>
 <message severity="info">Threading error analysis: started</message>
 <nop/>
 <message severity="info">Result file: [/home/irtefa1/cs225/lab06/aba/r007ti2/r007ti2.inspxe] </message>
 <nop/>
 <message severity="info">Loaded module: /home/irtefa1/cs225/lab06/lab06. </message>
 <nop/>
 <message severity="info">Loaded module: /lib64/ld-linux-x86-64.so.2. </message>
 <nop/>
 <message severity="info">Loaded module: /usr/lib64/libpng12.so.0. </message>
 <nop/>
 <message severity="info">Loaded module: /lib64/libm.so.6. </message>
 <nop/>
 <message severity="info">Loaded module: /software/intel-composer-2011u5-x86_64/composerxe-2011.5.220/compiler/lib/intel64/libiomp5.so. </message>
 <nop/>
 <message severity="info">Loaded module: /usr/lib64/libstdc++.so.6. </message>
 <nop/>
 <message severity="info">Loaded module: /lib64/libgcc_s.so.1. </message>
 <nop/>
 <message severity="info">Loaded module: /lib64/libpthread.so.0. </message>
 <nop/>
 <message severity="info">Loaded module: /lib64/libc.so.6. </message>
 <nop/>
 <message severity="info">Loaded module: /lib64/libdl.so.2. </message>
 <nop/>
 <message severity="info">Loaded module: /lib64/libz.so.1. </message>
 <nop/>
 <message severity="info">Loaded module: /software/intel-inspector-2011u5-x86_64/inspector_xe_2011/bin64/../lib64/runtime/libittnotify.so. </message>
 <nop/>
 <message severity="warning">One or more threads in the application accessed the stack of another thread. This may indicate one or more bugs in your application. Setting the Intel(R) Inspector XE 2011 to detect data races on stack accesses and running another analysis may help you locate these and other bugs. </message>
 <nop/>
 <message severity="info">Application exit code: [137] </message>
 <nop/>
 <message severity="info">Result file: [/home/irtefa1/cs225/lab06/aba/r007ti2/r007ti2.inspxe] </message>
 <nop/>
 <message severity="info">Threading error analysis: canceled by user</message>
 <nop/>
</feedback>
