<?xml version="1.0" encoding="utf-8" ?>
<!-- DO NOT EDIT THIS FILE -->

<log version="1.0" component="tcet">
	<msg id="1" display="false" tool="tccore">
		<type>2207</type>
		<timestamp>Fri Mar 30 16:34:01 2012</timestamp>
		<severity>2</severity>
		<description>START</description>
	</msg>
	<!-- Successfully loaded the TC Runtime 10.4.1 at address 0x6ad42000 - 0x6ad56000 -->
	<!-- Successfully loaded the TC Analysis Core 4.1.18 at address 0x54d92000 - 0x55198000 -->
	<!-- Successfully loaded the TC Instrumentation Engine 4.1.18 at address 0x6b29b000 - 0x6b68a000 -->
	<!-- This is the instance of interest -->
	<msg id="2" tool="tcet">
		<type>2001</type>
		<timestamp>Fri Mar 30 16:34:01 2012</timestamp>
		<severity>2</severity>
		<description>LOAD_MODULE</description>
		<arg>/home/irtefa1/cs225/lab06/lab06</arg>
	</msg>
	<msg id="3" tool="tcet">
		<type>2001</type>
		<timestamp>Fri Mar 30 16:34:01 2012</timestamp>
		<severity>2</severity>
		<description>LOAD_MODULE</description>
		<arg>/lib64/ld-linux-x86-64.so.2</arg>
	</msg>
	<msg id="4" tool="tcet">
		<type>2001</type>
		<timestamp>Fri Mar 30 16:34:02 2012</timestamp>
		<severity>2</severity>
		<description>LOAD_MODULE</description>
		<arg>/usr/lib64/libpng12.so.0</arg>
	</msg>
	<msg id="5" tool="tcet">
		<type>2001</type>
		<timestamp>Fri Mar 30 16:34:02 2012</timestamp>
		<severity>2</severity>
		<description>LOAD_MODULE</description>
		<arg>/lib64/libm.so.6</arg>
	</msg>
	<msg id="6" tool="tcet">
		<type>2001</type>
		<timestamp>Fri Mar 30 16:34:02 2012</timestamp>
		<severity>2</severity>
		<description>LOAD_MODULE</description>
		<arg>/software/intel-composer-2011u5-x86_64/composerxe-2011.5.220/compiler/lib/intel64/libiomp5.so</arg>
	</msg>
	<msg id="7" tool="tcet">
		<type>2001</type>
		<timestamp>Fri Mar 30 16:34:02 2012</timestamp>
		<severity>2</severity>
		<description>LOAD_MODULE</description>
		<arg>/usr/lib64/libstdc++.so.6</arg>
	</msg>
	<msg id="8" tool="tcet">
		<type>2001</type>
		<timestamp>Fri Mar 30 16:34:02 2012</timestamp>
		<severity>2</severity>
		<description>LOAD_MODULE</description>
		<arg>/lib64/libgcc_s.so.1</arg>
	</msg>
	<msg id="9" tool="tcet">
		<type>2001</type>
		<timestamp>Fri Mar 30 16:34:02 2012</timestamp>
		<severity>2</severity>
		<description>LOAD_MODULE</description>
		<arg>/lib64/libpthread.so.0</arg>
	</msg>
	<msg id="10" tool="tcet">
		<type>2001</type>
		<timestamp>Fri Mar 30 16:34:02 2012</timestamp>
		<severity>2</severity>
		<description>LOAD_MODULE</description>
		<arg>/lib64/libc.so.6</arg>
	</msg>
	<msg id="11" tool="tcet">
		<type>2001</type>
		<timestamp>Fri Mar 30 16:34:02 2012</timestamp>
		<severity>2</severity>
		<description>LOAD_MODULE</description>
		<arg>/lib64/libdl.so.2</arg>
	</msg>
	<msg id="12" tool="tcet">
		<type>2001</type>
		<timestamp>Fri Mar 30 16:34:02 2012</timestamp>
		<severity>2</severity>
		<description>LOAD_MODULE</description>
		<arg>/lib64/libz.so.1</arg>
	</msg>
	<msg id="13" tool="tcet">
		<type>2001</type>
		<timestamp>Fri Mar 30 16:34:02 2012</timestamp>
		<severity>2</severity>
		<description>LOAD_MODULE</description>
		<arg>/software/intel-inspector-2011u5-x86_64/inspector_xe_2011/bin64/../lib64/runtime/libittnotify.so</arg>
	</msg>
	<msg id="14" tool="tccore">
		<type>2211</type>
		<timestamp>Fri Mar 30 16:34:05 2012</timestamp>
		<severity>1</severity>
		<description>CTSA_NO_STACK</description>
	</msg>