<?xml version="1.0" encoding="UTF-8"?>
<feedback>
 <message severity="info">Threading error analysis: started</message>
 <nop/>
 <message severity="info">Result file: [/home/irtefa1/cs225/lab06/aba/r003ti2/r003ti2.inspxe] </message>
 <nop/>
 <message severity="info">Loaded module: /home/irtefa1/cs225/lab06/lab06. </message>
 <nop/>
 <message severity="info">Loaded module: /lib64/ld-linux-x86-64.so.2. </message>
 <nop/>
 <message severity="info">Loaded module: /usr/lib64/libpng12.so.0. </message>
 <nop/>
 <message severity="info">Loaded module: /lib64/libm.so.6. </message>
 <nop/>
 <message severity="info">Loaded module: /software/intel-composer-2011u5-x86_64/composerxe-2011.5.220/compiler/lib/intel64/libiomp5.so. </message>
 <nop/>
 <message severity="info">Loaded module: /usr/lib64/libstdc++.so.6. </message>
 <nop/>
 <message severity="info">Loaded module: /lib64/libgcc_s.so.1. </message>
 <nop/>
 <message severity="info">Loaded module: /lib64/libpthread.so.0. </message>
 <nop/>
 <message severity="info">Loaded module: /lib64/libc.so.6. </message>
 <nop/>
 <message severity="info">Loaded module: /lib64/libdl.so.2. </message>
 <nop/>
 <message severity="info">Loaded module: /lib64/libz.so.1. </message>
 <nop/>
 <message severity="info">Loaded module: /software/intel-inspector-2011u5-x86_64/inspector_xe_2011/bin64/../lib64/runtime/libittnotify.so. </message>
 <nop/>
 <message severity="info">Unloaded module: /home/irtefa1/cs225/lab06/lab06. </message>
 <nop/>
 <message severity="info">Unloaded module: /lib64/ld-linux-x86-64.so.2. </message>
 <nop/>
 <message severity="info">Unloaded module: /usr/lib64/libpng12.so.0. </message>
 <nop/>
 <message severity="info">Unloaded module: /lib64/libm.so.6. </message>
 <nop/>
 <message severity="info">Unloaded module: /software/intel-composer-2011u5-x86_64/composerxe-2011.5.220/compiler/lib/intel64/libiomp5.so. </message>
 <nop/>
 <message severity="info">Unloaded module: /usr/lib64/libstdc++.so.6. </message>
 <nop/>
 <message severity="info">Unloaded module: /lib64/libgcc_s.so.1. </message>
 <nop/>
 <message severity="info">Unloaded module: /lib64/libpthread.so.0. </message>
 <nop/>
 <message severity="info">Unloaded module: /lib64/libc.so.6. </message>
 <nop/>
 <message severity="info">Unloaded module: /lib64/libdl.so.2. </message>
 <nop/>
 <message severity="info">Unloaded module: /lib64/libz.so.1. </message>
 <nop/>
 <message severity="info">Unloaded module: /software/intel-inspector-2011u5-x86_64/inspector_xe_2011/bin64/../lib64/runtime/libittnotify.so. </message>
 <nop/>
 <message severity="info">Process /home/irtefa1/cs225/lab06/lab06 (PID = 29329) has terminated. </message>
 <nop/>
 <message severity="warning">Failed to find more than one thread. Ensure that your program is multithreaded.</message>
 <nop/>
 <message severity="info">Application exit code: [0] </message>
 <nop/>
 <message severity="info">Result file: [/home/irtefa1/cs225/lab06/aba/r003ti2/r003ti2.inspxe] </message>
 <nop/>
 <message severity="info">Threading error analysis: completed</message>
 <nop/>
</feedback>
